<?xml version="1.0" encoding="UTF-8"?>
<testng-results skipped="0" failed="0" ignored="0" total="1" passed="1">
  <reporter-output>
  </reporter-output>
  <suite name="TestHelloWorld" duration-ms="102" started-at="2020-06-22T14:47:10 PDT" finished-at="2020-06-22T14:47:10 PDT">
    <groups>
    </groups>
    <test name="Command line test" duration-ms="102" started-at="2020-06-22T14:47:10 PDT" finished-at="2020-06-22T14:47:10 PDT">
      <class name="TestHelloWorld">
        <test-method status="PASS" signature="testHelloworld()[pri:0, instance:TestHelloWorld@724af044]" name="testHelloworld" duration-ms="32" started-at="2020-06-22T14:47:10 PDT" finished-at="2020-06-22T14:47:10 PDT">
          <reporter-output>
          </reporter-output>
        </test-method> <!-- testHelloworld -->
      </class> <!-- TestHelloWorld -->
    </test> <!-- Command line test -->
  </suite> <!-- TestHelloWorld -->
</testng-results>
